2024-06-19 12:53:00,274 [INFO] Activator:176 - 


2024-06-19 12:53:00,277 [INFO] Activator:177 - !SESSION log4j initialized
2024-06-19 12:53:06,328 [INFO] LogOutputStream:77 - [STDOUT_REDIRECT] 
2024-06-19 12:53:13,821 [INFO] ApplicationProperties:184 - Using Application install path: C:\ST\STM32CubeIDE_1.15.0\STM32CubeIDE\plugins\com.st.stm32cube.common.mx_6.11.0.202403141607
2024-06-19 12:53:13,855 [INFO] DbMcusXml:78 - Set database path to: C:\ST\STM32CubeIDE_1.15.0\STM32CubeIDE\plugins\com.st.stm32cube.common.mx_6.11.0.202403141607\\db\/mcu/
2024-06-19 12:53:13,856 [INFO] ApiDb:274 - Set plugin database path to: C:\ST\STM32CubeIDE_1.15.0\STM32CubeIDE\plugins\com.st.stm32cube.common.mx_6.11.0.202403141607\\db\/plugins/boardmanager/
2024-06-19 12:53:13,858 [WARN] ApiDb:259 - Overriding images path with different value:  => C:\ST\STM32CubeIDE_1.15.0\STM32CubeIDE\plugins\com.st.stm32cube.common.mx_6.11.0.202403141607\\db\/plugins/mcufinder/images/
2024-06-19 12:53:13,869 [INFO] ApiDb:250 - Set database path to: C:\Users\VMelehin\.stmcufinder\plugins\mcufinder//mcu/
2024-06-19 12:53:13,872 [INFO] DbMcusAds:125 - Set database path to: C:\Users\VMelehin\.stmcufinder\plugins\mcufinder//mcu/
2024-06-19 12:53:13,877 [INFO] CrossReferenceDbSqlite:203 - Set database path to: C:\Users\VMelehin\.stmcufinder\plugins\mcufinder//mcu/cs/
2024-06-19 12:53:14,090 [INFO] RulesReader:64 - Compatibility file has been processed (297 Rules)
2024-06-19 12:53:14,230 [INFO] DbMcusXml:78 - Set database path to: C:\ST\STM32CubeIDE_1.15.0\STM32CubeIDE\plugins\com.st.stm32cube.common.mx_6.11.0.202403141607\\db\/mcu/
2024-06-19 12:53:14,231 [INFO] ApiDb:274 - Set plugin database path to: C:\ST\STM32CubeIDE_1.15.0\STM32CubeIDE\plugins\com.st.stm32cube.common.mx_6.11.0.202403141607\\db\/plugins/boardmanager/
2024-06-19 12:53:14,231 [INFO] ApiDb:261 - Set plugin images path to: C:\ST\STM32CubeIDE_1.15.0\STM32CubeIDE\plugins\com.st.stm32cube.common.mx_6.11.0.202403141607\\db\/plugins/mcufinder/images/
2024-06-19 12:53:14,231 [WARN] DbFile:41 - Overriding database path with different value: C:\Users\VMelehin\.stmcufinder\plugins\mcufinder/ => C:\Users\VMelehin\.stmcufinder\plugins\mcufinder
2024-06-19 12:53:14,231 [INFO] ApiDb:250 - Set database path to: C:\Users\VMelehin\.stmcufinder\plugins\mcufinder//mcu/
2024-06-19 12:53:14,231 [WARN] DbFile:41 - Overriding database path with different value: C:\Users\VMelehin\.stmcufinder\plugins\mcufinder/ => C:\Users\VMelehin\.stmcufinder\plugins\mcufinder
2024-06-19 12:53:14,231 [INFO] DbMcusAds:125 - Set database path to: C:\Users\VMelehin\.stmcufinder\plugins\mcufinder//mcu/
2024-06-19 12:53:14,231 [WARN] DbFile:41 - Overriding database path with different value: C:\Users\VMelehin\.stmcufinder\plugins\mcufinder/ => C:\Users\VMelehin\.stmcufinder\plugins\mcufinder
2024-06-19 12:53:14,232 [WARN] DbFile:41 - Overriding database path with different value: C:\Users\VMelehin\.stmcufinder\plugins\mcufinder/ => C:\Users\VMelehin\.stmcufinder\plugins\mcufinder
2024-06-19 12:53:14,232 [INFO] CrossReferenceDbSqlite:203 - Set database path to: C:\Users\VMelehin\.stmcufinder\plugins\mcufinder//mcu/cs/
2024-06-19 12:53:14,332 [INFO] MainPanel:264 - HeapMemory: 268435456
2024-06-19 12:53:14,456 [INFO] DbMcusXml:78 - Set database path to: C:\ST\STM32CubeIDE_1.15.0\STM32CubeIDE\plugins\com.st.stm32cube.common.mx_6.11.0.202403141607\\db\/mcu/
2024-06-19 12:53:14,456 [INFO] ApiDb:274 - Set plugin database path to: C:\ST\STM32CubeIDE_1.15.0\STM32CubeIDE\plugins\com.st.stm32cube.common.mx_6.11.0.202403141607\\db\/plugins/boardmanager/
2024-06-19 12:53:14,456 [INFO] ApiDb:261 - Set plugin images path to: C:\ST\STM32CubeIDE_1.15.0\STM32CubeIDE\plugins\com.st.stm32cube.common.mx_6.11.0.202403141607\\db\/plugins/mcufinder/images/
2024-06-19 12:53:14,457 [WARN] DbFile:41 - Overriding database path with different value: C:\Users\VMelehin\.stmcufinder\plugins\mcufinder/ => C:\Users\VMelehin\.stmcufinder\plugins\mcufinder
2024-06-19 12:53:14,457 [INFO] ApiDb:250 - Set database path to: C:\Users\VMelehin\.stmcufinder\plugins\mcufinder//mcu/
2024-06-19 12:53:14,457 [WARN] DbFile:41 - Overriding database path with different value: C:\Users\VMelehin\.stmcufinder\plugins\mcufinder/ => C:\Users\VMelehin\.stmcufinder\plugins\mcufinder
2024-06-19 12:53:14,457 [INFO] DbMcusAds:125 - Set database path to: C:\Users\VMelehin\.stmcufinder\plugins\mcufinder//mcu/
2024-06-19 12:53:14,457 [WARN] DbFile:41 - Overriding database path with different value: C:\Users\VMelehin\.stmcufinder\plugins\mcufinder/ => C:\Users\VMelehin\.stmcufinder\plugins\mcufinder
2024-06-19 12:53:14,457 [WARN] DbFile:41 - Overriding database path with different value: C:\Users\VMelehin\.stmcufinder\plugins\mcufinder/ => C:\Users\VMelehin\.stmcufinder\plugins\mcufinder
2024-06-19 12:53:14,457 [INFO] CrossReferenceDbSqlite:203 - Set database path to: C:\Users\VMelehin\.stmcufinder\plugins\mcufinder//mcu/cs/
2024-06-19 12:53:14,478 [INFO] ApplicationProperties:184 - Using Application install path: C:\ST\STM32CubeIDE_1.15.0\STM32CubeIDE\plugins\com.st.stm32cube.common.mx_6.11.0.202403141607
2024-06-19 12:53:14,480 [INFO] PluginManage:196 - Search for loadable plugins [exclusion list=, ]
2024-06-19 12:53:14,483 [INFO] PluginManage:310 - Check plugin analytics
2024-06-19 12:53:19,222 [INFO] AnalyticsPlugin:253 - Accepted Software Licenses: STM32CubeMX.6.4.0
2024-06-19 12:53:19,223 [INFO] AnalyticsPlugin:255 - Accepted CMSIS Pack Licenses: 
2024-06-19 12:53:19,223 [INFO] AnalyticsPlugin:257 - Accepted Firmware Licenses: FW.G0.1.5.0
2024-06-19 12:53:19,228 [INFO] PluginManage:359 - Loaded plugin analytics (category:tool,tabindex:-1)
2024-06-19 12:53:19,228 [INFO] PluginManage:310 - Check plugin cadmodel
2024-06-19 12:53:19,233 [INFO] CADModel:105 - Init CAD model plugin
2024-06-19 12:53:19,234 [INFO] PluginManage:359 - Loaded plugin cadmodel (category:power,tabindex:5)
2024-06-19 12:53:19,234 [INFO] PluginManage:310 - Check plugin clock
2024-06-19 12:53:19,248 [INFO] PluginManage:359 - Loaded plugin clock (category:base,tabindex:2)
2024-06-19 12:53:19,248 [INFO] PluginManage:310 - Check plugin ddr
2024-06-19 12:53:19,252 [INFO] PluginManage:359 - Loaded plugin ddr (category:tool,tabindex:6)
2024-06-19 12:53:19,252 [INFO] PluginManage:310 - Check plugin filemanager
2024-06-19 12:53:19,459 [INFO] PluginManage:359 - Loaded plugin filemanager (category:base,tabindex:10)
2024-06-19 12:53:19,460 [INFO] PluginManage:310 - Check plugin ipmanager
2024-06-19 12:53:19,472 [INFO] PluginManage:359 - Loaded plugin ipmanager (category:base,tabindex:5)
2024-06-19 12:53:19,473 [INFO] PluginManage:310 - Check plugin lpbam
2024-06-19 12:53:19,491 [INFO] PluginManage:359 - Loaded plugin lpbam (category:base,tabindex:0)
2024-06-19 12:53:19,491 [INFO] PluginManage:310 - Check plugin memorymap
2024-06-19 12:53:19,512 [INFO] PluginManage:359 - Loaded plugin memorymap (category:base,tabindex:4)
2024-06-19 12:53:19,512 [INFO] PluginManage:310 - Check plugin pinoutandconfiguration
2024-06-19 12:53:19,520 [INFO] PluginManage:359 - Loaded plugin pinoutandconfiguration (category:base,tabindex:1)
2024-06-19 12:53:19,520 [INFO] PluginManage:310 - Check plugin pinoutconfig
2024-06-19 12:53:19,607 [WARN] SupportedApi:132 - Cannot load RTOS API schema: s4s-elt-must-match.1: The content of 'definitions' must match (annotation?, (simpleType | complexType)?, (unique | key | keyref)*)). A problem was found starting at: attribute.
2024-06-19 12:53:19,764 [INFO] PluginManage:359 - Loaded plugin pinoutconfig (category:base,tabindex:0)
2024-06-19 12:53:19,764 [INFO] PluginManage:310 - Check plugin power
2024-06-19 12:53:19,777 [INFO] PluginManage:359 - Loaded plugin power (category:power,tabindex:4)
2024-06-19 12:53:19,777 [INFO] PluginManage:310 - Check plugin projectmanager
2024-06-19 12:53:19,798 [INFO] PluginManage:359 - Loaded plugin projectmanager (category:projectmanager,tabindex:3)
2024-06-19 12:53:19,798 [INFO] PluginManage:310 - Check plugin thirdparty
2024-06-19 12:53:19,981 [INFO] PluginManage:359 - Loaded plugin thirdparty (category:base,tabindex:-1)
2024-06-19 12:53:19,981 [INFO] PluginManage:310 - Check plugin tools
2024-06-19 12:53:19,981 [WARN] IntegrityCheckThread:84 - waiting for thirdparty lock release [integrity check]
2024-06-19 12:53:19,981 [INFO] IntegrityCheckThread:86 - entering critical section [integrity check]
2024-06-19 12:53:19,982 [INFO] ThirdPartyUpdaterWithRetryManager:70 - Updater plugin not ready yet. [1/15]
2024-06-19 12:53:19,985 [INFO] PluginManage:359 - Loaded plugin tools (category:base,tabindex:7)
2024-06-19 12:53:19,985 [INFO] PluginManage:310 - Check plugin tutovideos
2024-06-19 12:53:20,210 [INFO] PluginManage:359 - Loaded plugin tutovideos (category:base,tabindex:-1)
2024-06-19 12:53:20,210 [INFO] PluginManage:310 - Check plugin updater
2024-06-19 12:53:20,224 [INFO] PluginManage:359 - Loaded plugin updater (category:base,tabindex:12)
2024-06-19 12:53:20,224 [INFO] PluginManage:310 - Check plugin userauth
2024-06-19 12:53:20,230 [INFO] UserAuth:114 - Init User Auth plugin
2024-06-19 12:53:20,230 [INFO] PluginManage:359 - Loaded plugin userauth (category:base,tabindex:14)
2024-06-19 12:53:20,231 [INFO] PluginManage:283 - PluginManage : Loaded plugins [17]
2024-06-19 12:53:20,503 [INFO] PinOutPanel:1561 - setPackage(No Configuration,No Configuration)
2024-06-19 12:53:20,601 [INFO] CADModel:165 - CPN selected for project level
2024-06-19 12:53:20,601 [INFO] CADModel:114 - Register for checkConnection events
2024-06-19 12:53:20,622 [INFO] IPUIPlugin:80 - create IPUIPlugin
2024-06-19 12:53:20,622 [INFO] PluginManager:220 - loadIPPluginJar : add adc
2024-06-19 12:53:20,624 [INFO] IPUIPlugin:80 - create IPUIPlugin
2024-06-19 12:53:20,625 [INFO] PluginManager:220 - loadIPPluginJar : add aes
2024-06-19 12:53:20,627 [INFO] IPUIPlugin:80 - create IPUIPlugin
2024-06-19 12:53:20,627 [INFO] PluginManager:220 - loadIPPluginJar : add can
2024-06-19 12:53:20,630 [INFO] IPUIPlugin:80 - create IPUIPlugin
2024-06-19 12:53:20,630 [INFO] PluginManager:220 - loadIPPluginJar : add comp
2024-06-19 12:53:20,633 [INFO] IPUIPlugin:80 - create IPUIPlugin
2024-06-19 12:53:20,634 [INFO] PluginManager:220 - loadIPPluginJar : add cryp
2024-06-19 12:53:20,638 [INFO] IPUIPlugin:80 - create IPUIPlugin
2024-06-19 12:53:20,639 [INFO] PluginManager:220 - loadIPPluginJar : add dfsdm
2024-06-19 12:53:20,644 [INFO] IPUIPlugin:80 - create IPUIPlugin
2024-06-19 12:53:20,645 [INFO] PluginManager:220 - loadIPPluginJar : add dma
2024-06-19 12:53:20,647 [INFO] IPUIPlugin:80 - create IPUIPlugin
2024-06-19 12:53:20,647 [INFO] PluginManager:220 - loadIPPluginJar : add dma3
2024-06-19 12:53:20,651 [INFO] IPUIPlugin:80 - create IPUIPlugin
2024-06-19 12:53:20,651 [INFO] PluginManager:220 - loadIPPluginJar : add extmemmanager
2024-06-19 12:53:20,653 [INFO] IPUIPlugin:80 - create IPUIPlugin
2024-06-19 12:53:20,653 [INFO] PluginManager:220 - loadIPPluginJar : add fatfs
2024-06-19 12:53:20,657 [INFO] IPUIPlugin:80 - create IPUIPlugin
2024-06-19 12:53:20,658 [INFO] PluginManager:220 - loadIPPluginJar : add fmc
2024-06-19 12:53:20,663 [INFO] IPUIPlugin:80 - create IPUIPlugin
2024-06-19 12:53:20,663 [INFO] PluginManager:220 - loadIPPluginJar : add freertos
2024-06-19 12:53:20,665 [INFO] IPUIPlugin:80 - create IPUIPlugin
2024-06-19 12:53:20,665 [INFO] PluginManager:220 - loadIPPluginJar : add genericplugin
2024-06-19 12:53:20,668 [INFO] IPUIPlugin:80 - create IPUIPlugin
2024-06-19 12:53:20,668 [INFO] PluginManager:220 - loadIPPluginJar : add gfxmmu
2024-06-19 12:53:20,672 [INFO] IPUIPlugin:80 - create IPUIPlugin
2024-06-19 12:53:20,673 [INFO] PluginManager:220 - loadIPPluginJar : add gic
2024-06-19 12:53:20,677 [INFO] IPUIPlugin:80 - create IPUIPlugin
2024-06-19 12:53:20,677 [INFO] PluginManager:220 - loadIPPluginJar : add gpio
2024-06-19 12:53:20,680 [INFO] IPUIPlugin:80 - create IPUIPlugin
2024-06-19 12:53:20,681 [INFO] PluginManager:220 - loadIPPluginJar : add gtzc
2024-06-19 12:53:20,684 [INFO] IPUIPlugin:80 - create IPUIPlugin
2024-06-19 12:53:20,684 [INFO] PluginManager:220 - loadIPPluginJar : add hash
2024-06-19 12:53:20,687 [INFO] IPUIPlugin:80 - create IPUIPlugin
2024-06-19 12:53:20,688 [INFO] PluginManager:220 - loadIPPluginJar : add i2c
2024-06-19 12:53:20,690 [INFO] IPUIPlugin:80 - create IPUIPlugin
2024-06-19 12:53:20,691 [INFO] PluginManager:220 - loadIPPluginJar : add i2s
2024-06-19 12:53:20,694 [INFO] IPUIPlugin:80 - create IPUIPlugin
2024-06-19 12:53:20,694 [INFO] PluginManager:220 - loadIPPluginJar : add i3c
2024-06-19 12:53:20,697 [INFO] IPUIPlugin:80 - create IPUIPlugin
2024-06-19 12:53:20,698 [INFO] PluginManager:220 - loadIPPluginJar : add ipddr
2024-06-19 12:53:20,706 [INFO] IPUIPlugin:80 - create IPUIPlugin
2024-06-19 12:53:20,706 [INFO] PluginManager:220 - loadIPPluginJar : add linkedlist
2024-06-19 12:53:20,710 [INFO] IPUIPlugin:80 - create IPUIPlugin
2024-06-19 12:53:20,710 [INFO] PluginManager:220 - loadIPPluginJar : add lorawan
2024-06-19 12:53:20,711 [INFO] IPUIPlugin:80 - create IPUIPlugin
2024-06-19 12:53:20,712 [INFO] PluginManager:220 - loadIPPluginJar : add ltdc
2024-06-19 12:53:20,721 [INFO] IPUIPlugin:80 - create IPUIPlugin
2024-06-19 12:53:20,721 [INFO] PluginManager:220 - loadIPPluginJar : add mdma
2024-06-19 12:53:20,725 [INFO] IPUIPlugin:80 - create IPUIPlugin
2024-06-19 12:53:20,725 [INFO] PluginManager:220 - loadIPPluginJar : add nvic
2024-06-19 12:53:20,729 [INFO] IPUIPlugin:80 - create IPUIPlugin
2024-06-19 12:53:20,730 [INFO] PluginManager:220 - loadIPPluginJar : add opamp
2024-06-19 12:53:20,735 [INFO] IPUIPlugin:80 - create IPUIPlugin
2024-06-19 12:53:20,736 [INFO] PluginManager:220 - loadIPPluginJar : add openamp
2024-06-19 12:53:20,741 [INFO] IPUIPlugin:80 - create IPUIPlugin
2024-06-19 12:53:20,741 [INFO] PluginManager:220 - loadIPPluginJar : add pdm2pcm
2024-06-19 12:53:20,750 [INFO] IPUIPlugin:80 - create IPUIPlugin
2024-06-19 12:53:20,756 [INFO] PluginManager:220 - loadIPPluginJar : add plateformsettings
2024-06-19 12:53:20,758 [INFO] IPUIPlugin:80 - create IPUIPlugin
2024-06-19 12:53:20,759 [INFO] PluginManager:220 - loadIPPluginJar : add quadspi
2024-06-19 12:53:20,763 [INFO] IPUIPlugin:80 - create IPUIPlugin
2024-06-19 12:53:20,764 [INFO] PluginManager:220 - loadIPPluginJar : add resmgrutility
2024-06-19 12:53:20,770 [INFO] IPUIPlugin:80 - create IPUIPlugin
2024-06-19 12:53:20,770 [INFO] PluginManager:220 - loadIPPluginJar : add sai
2024-06-19 12:53:20,774 [INFO] IPUIPlugin:80 - create IPUIPlugin
2024-06-19 12:53:20,774 [INFO] PluginManager:220 - loadIPPluginJar : add spi
2024-06-19 12:53:20,784 [INFO] IPUIPlugin:80 - create IPUIPlugin
2024-06-19 12:53:20,784 [INFO] PluginManager:220 - loadIPPluginJar : add stm32_wpan
2024-06-19 12:53:20,787 [INFO] IPUIPlugin:80 - create IPUIPlugin
2024-06-19 12:53:20,787 [INFO] PluginManager:220 - loadIPPluginJar : add tim
2024-06-19 12:53:20,793 [INFO] IPUIPlugin:80 - create IPUIPlugin
2024-06-19 12:53:20,793 [INFO] PluginManager:220 - loadIPPluginJar : add touchsensing
2024-06-19 12:53:20,796 [INFO] IPUIPlugin:80 - create IPUIPlugin
2024-06-19 12:53:20,796 [INFO] PluginManager:220 - loadIPPluginJar : add tracer_emb
2024-06-19 12:53:20,800 [INFO] IPUIPlugin:80 - create IPUIPlugin
2024-06-19 12:53:20,800 [INFO] PluginManager:220 - loadIPPluginJar : add ts
2024-06-19 12:53:20,804 [INFO] IPUIPlugin:80 - create IPUIPlugin
2024-06-19 12:53:20,804 [INFO] PluginManager:220 - loadIPPluginJar : add tsc
2024-06-19 12:53:20,806 [INFO] IPUIPlugin:80 - create IPUIPlugin
2024-06-19 12:53:20,807 [INFO] PluginManager:220 - loadIPPluginJar : add ucpd
2024-06-19 12:53:20,811 [INFO] IPUIPlugin:80 - create IPUIPlugin
2024-06-19 12:53:20,812 [INFO] PluginManager:220 - loadIPPluginJar : add usart
2024-06-19 12:53:20,816 [INFO] IPUIPlugin:80 - create IPUIPlugin
2024-06-19 12:53:20,816 [INFO] PluginManager:220 - loadIPPluginJar : add usbx
2024-06-19 12:53:20,990 [INFO] CADModel:165 - CPN selected for project level
2024-06-19 12:53:20,990 [INFO] CADModel:114 - Register for checkConnection events
2024-06-19 12:53:20,990 [FATAL] Updater:308 - Updater called before beeing initialized
2024-06-19 12:53:20,990 [ERROR] CADModel:125 - Updater not yet initialized, retry later 
2024-06-19 12:53:21,153 [INFO] CADModel:165 - CPN selected for project level
2024-06-19 12:53:21,153 [INFO] CADModel:114 - Register for checkConnection events
2024-06-19 12:53:21,153 [FATAL] Updater:308 - Updater called before beeing initialized
2024-06-19 12:53:21,154 [ERROR] CADModel:125 - Updater not yet initialized, retry later 
2024-06-19 12:53:21,157 [FATAL] Updater:308 - Updater called before beeing initialized
2024-06-19 12:53:21,309 [FATAL] Updater:308 - Updater called before beeing initialized
2024-06-19 12:53:21,315 [INFO] DbMcusAds:53 - JSON generation date=Wed Nov 29 13:52:27 MSK 2023 (1701255147349)
2024-06-19 12:53:21,315 [FATAL] Updater:308 - Updater called before beeing initialized
2024-06-19 12:53:21,364 [WARN] DetailPanel:346 - Failed to get advertising image, set to default
2024-06-19 12:53:21,481 [FATAL] Updater:308 - Updater called before beeing initialized
2024-06-19 12:53:21,484 [FATAL] Updater:308 - Updater called before beeing initialized
2024-06-19 12:53:21,484 [FATAL] Updater:308 - Updater called before beeing initialized
2024-06-19 12:53:21,484 [WARN] DetailPanel:346 - Failed to get advertising image, set to default
2024-06-19 12:53:21,486 [FATAL] Updater:308 - Updater called before beeing initialized
2024-06-19 12:53:21,572 [ERROR] Updater:1120 - MainUpdater not yet initialized. External WinMGr cannot be set.
2024-06-19 12:53:21,576 [INFO] Updater:1056 - Updater Version found : 6.11.0
2024-06-19 12:53:21,617 [INFO] ApplicationProperties:184 - Using Application install path: C:\ST\STM32CubeIDE_1.15.0\STM32CubeIDE\plugins\com.st.stm32cube.common.mx_6.11.0.202403141607
2024-06-19 12:53:22,123 [ERROR] CheckConnectionManager:249 - Problem, Http access forbiden
2024-06-19 12:53:22,126 [INFO] MainUpdater:2873 - connection check result : 22
2024-06-19 12:53:22,127 [INFO] MainUpdater:290 - Updater Check For Update Now.
2024-06-19 12:53:22,128 [INFO] MicroXplorer:498 - Change Database Version : DB.6.0.110
2024-06-19 12:53:22,139 [INFO] McuFinderGlobals:63 - Set McuFinder mode to 2 (CubeIDE integrated)
2024-06-19 12:53:22,140 [INFO] UserAuth:179 - activating auth plugin
2024-06-19 12:53:22,144 [INFO] UserAuth:415 - Internet connection configuration mode: 2
2024-06-19 12:53:22,186 [INFO] UserAuth:415 - Internet connection configuration mode: 2
2024-06-19 12:53:22,409 [INFO] CheckServerUpdateThread:120 - End of CheckServer Thread
2024-06-19 12:53:23,233 [WARN] PackLoader:240 - Cannot read IP mode file for STMicroelectronics.X-CUBE-SMBUS.2.1.0
2024-06-19 12:53:23,245 [WARN] PackLoader:240 - Cannot read IP mode file for STMicroelectronics.X-CUBE-TOUCHGFX.4.23.1
2024-06-19 12:53:23,252 [WARN] PackLoader:240 - Cannot read IP mode file for STMicroelectronics.X-CUBE-TOUCHGFX.4.23.0
2024-06-19 12:53:23,257 [WARN] PackLoader:240 - Cannot read IP mode file for STMicroelectronics.X-CUBE-TOUCHGFX.4.23.2
2024-06-19 12:53:23,293 [WARN] PackLoader:240 - Cannot read IP mode file for STMicroelectronics.X-CUBE-AZRTOS-F7.1.1.0
2024-06-19 12:53:23,304 [ERROR] RealEvaluatedCondition:428 - Found unsupported composite condition: GROUP='STM32_MetaDataManager' CLASS='Data Exchange'
2024-06-19 12:53:23,304 [ERROR] RealEvaluatedCondition:428 - Found unsupported composite condition: GROUP='STM32_MetaDataManager' CLASS='Data Exchange'
2024-06-19 12:53:23,306 [WARN] PackLoader:240 - Cannot read IP mode file for STMicroelectronics.FP-SNS-MOTENV1.4.3.0
2024-06-19 12:53:23,337 [WARN] PackLoader:240 - Cannot read IP mode file for STMicroelectronics.FP-SNS-MOTENV1.4.3.2
2024-06-19 12:53:23,349 [WARN] PackLoader:240 - Cannot read IP mode file for STMicroelectronics.FP-SNS-FLIGHT1.5.0.0
2024-06-19 12:53:23,361 [ERROR] RealEvaluatedCondition:428 - Found unsupported composite condition: GROUP='STM32_MetaDataManager' CLASS='Data Exchange'
2024-06-19 12:53:23,361 [ERROR] RealEvaluatedCondition:428 - Found unsupported composite condition: CLASS='Data Exchange' GROUP='STM32_MetaDataManager'
2024-06-19 12:53:23,364 [WARN] PackLoader:240 - Cannot read IP mode file for STMicroelectronics.FP-SNS-MOTENV1.4.3.1
2024-06-19 12:53:23,375 [WARN] PackLoader:240 - Cannot read IP mode file for STMicroelectronics.FP-SNS-FLIGHT1.5.0.1
2024-06-19 12:53:23,390 [WARN] PackLoader:240 - Cannot read IP mode file for STMicroelectronics.X-CUBE-BLE1.6.2.4
2024-06-19 12:53:23,399 [WARN] PackLoader:240 - Cannot read IP mode file for STMicroelectronics.FP-SNS-FLIGHT1.5.0.2
2024-06-19 12:53:23,414 [WARN] PackLoader:240 - Cannot read IP mode file for STMicroelectronics.X-CUBE-DISPLAY.3.0.0
2024-06-19 12:53:23,449 [WARN] PackLoader:240 - Cannot read IP mode file for STMicroelectronics.X-CUBE-BLE1.7.0.0
2024-06-19 12:53:23,456 [WARN] PackLoader:240 - Cannot read IP mode file for STMicroelectronics.X-CUBE-TOUCHGFX.4.22.0
2024-06-19 12:53:23,475 [WARN] PackLoader:240 - Cannot read IP mode file for STMicroelectronics.X-CUBE-TOUCHGFX.4.22.1
2024-06-19 12:53:23,499 [WARN] PackLoader:240 - Cannot read IP mode file for STMicroelectronics.X-CUBE-BLEMGR.3.1.0
2024-06-19 12:53:23,513 [WARN] PackLoader:240 - Cannot read IP mode file for STMicroelectronics.FP-SNS-SMARTAG2.1.2.0
2024-06-19 12:53:23,532 [INFO] LogOutputStream:77 - [STDOUT_REDIRECT] 1 : Invalid condition id : UX_CORESTACK_Condition cause : null
2024-06-19 12:53:23,533 [INFO] LogOutputStream:77 - [STDOUT_REDIRECT] 1 : Invalid condition id : UX_CORESTACK_Condition cause : null
2024-06-19 12:53:23,536 [INFO] LogOutputStream:77 - [STDOUT_REDIRECT] 1 : Invalid condition id : UX_CORESTACK_Condition cause : null
2024-06-19 12:53:23,539 [INFO] LogOutputStream:77 - [STDOUT_REDIRECT] 1 : Invalid condition id : UX_CORESTACK_Condition cause : null
2024-06-19 12:53:23,542 [INFO] LogOutputStream:77 - [STDOUT_REDIRECT] 1 : Invalid condition id : UX_CORESTACK_Condition cause : null
2024-06-19 12:53:23,550 [WARN] PackLoader:240 - Cannot read IP mode file for STMicroelectronics.X-CUBE-AZRTOS-WL.2.0.0
2024-06-19 12:53:23,561 [WARN] PackLoader:240 - Cannot read IP mode file for STMicroelectronics.FP-SNS-MOTENV1.5.0.0
2024-06-19 12:53:23,577 [WARN] PackLoader:240 - Cannot read IP mode file for WES.I-CUBE-Cesium.1.3.0
2024-06-19 12:53:23,588 [WARN] PackLoader:240 - Cannot read IP mode file for STMicroelectronics.X-CUBE-BLE2.3.3.0
2024-06-19 12:53:23,599 [WARN] PackLoader:240 - Cannot read IP mode file for STMicroelectronics.X-CUBE-DISPLAY.2.2.0
2024-06-19 12:53:23,615 [WARN] PackLoader:240 - Cannot read IP mode file for STMicroelectronics.X-CUBE-TOF1.3.2.0
2024-06-19 12:53:23,650 [WARN] PackLoader:240 - Cannot read IP mode file for STMicroelectronics.X-CUBE-AZRTOS-H7.2.1.0
2024-06-19 12:53:23,664 [WARN] PackLoader:240 - Cannot read IP mode file for STMicroelectronics.X-CUBE-TCPP.4.1.0
2024-06-19 12:53:23,672 [WARN] PackLoader:240 - Cannot read IP mode file for STMicroelectronics.X-CUBE-TOUCHGFX.4.21.1
2024-06-19 12:53:23,676 [WARN] PackLoader:240 - Cannot read IP mode file for STMicroelectronics.X-CUBE-TOUCHGFX.4.21.0
2024-06-19 12:53:23,680 [WARN] PackLoader:240 - Cannot read IP mode file for STMicroelectronics.X-CUBE-TOUCHGFX.4.21.3
2024-06-19 12:53:23,684 [WARN] PackLoader:240 - Cannot read IP mode file for STMicroelectronics.X-CUBE-TOUCHGFX.4.21.4
2024-06-19 12:53:23,723 [WARN] PackLoader:240 - Cannot read IP mode file for STMicroelectronics.X-CUBE-MEMS1.9.4.0
2024-06-19 12:53:23,909 [WARN] PackLoader:240 - Cannot read IP mode file for STMicroelectronics.X-CUBE-AI.7.3.0
2024-06-19 12:53:23,919 [WARN] PackLoader:240 - Cannot read IP mode file for STMicroelectronics.X-CUBE-ALGOBUILD.1.3.0
2024-06-19 12:53:23,945 [WARN] PackLoader:240 - Cannot read IP mode file for STMicroelectronics.X-CUBE-AZRTOS-G0.1.1.0
2024-06-19 12:53:23,960 [WARN] PackLoader:240 - Cannot read IP mode file for STMicroelectronics.X-CUBE-SAFEA1.1.2.2
2024-06-19 12:53:23,970 [WARN] PackLoader:240 - Cannot read IP mode file for STMicroelectronics.X-CUBE-NFC4.3.0.0
2024-06-19 12:53:23,979 [WARN] PackLoader:240 - Cannot read IP mode file for STMicroelectronics.X-CUBE-BLEMGR.3.0.0
2024-06-19 12:53:23,992 [WARN] PackLoader:240 - Cannot read IP mode file for STMicroelectronics.X-CUBE-BLEMGR.1.3.0
2024-06-19 12:53:24,001 [WARN] PackLoader:240 - Cannot read IP mode file for STMicroelectronics.FP-ATR-SIGFOX1.3.2.0
2024-06-19 12:53:24,007 [WARN] PackLoader:240 - Cannot read IP mode file for STMicroelectronics.X-CUBE-EEPRMA1.5.1.0
2024-06-19 12:53:24,011 [WARN] PackLoader:240 - Cannot read IP mode file for STMicroelectronics.X-CUBE-TOUCHGFX.4.20.0
2024-06-19 12:53:24,053 [WARN] PackLoader:240 - Cannot read IP mode file for STMicroelectronics.X-CUBE-MEMS1.9.5.0
2024-06-19 12:53:24,267 [WARN] PackLoader:240 - Cannot read IP mode file for SEGGER.I-CUBE-embOS.1.3.1
2024-06-19 12:53:24,387 [WARN] PackLoader:240 - Cannot read IP mode file for SEGGER.I-CUBE-embOS.1.3.0
2024-06-19 12:53:24,496 [WARN] PackLoader:240 - Cannot read IP mode file for STMicroelectronics.X-CUBE-GNSS1.6.0.0
2024-06-19 12:53:24,633 [WARN] PackLoader:240 - Cannot read IP mode file for STMicroelectronics.X-CUBE-AZRTOS-F4.1.1.0
2024-06-19 12:53:24,753 [WARN] PackLoader:240 - Cannot read IP mode file for STMicroelectronics.X-CUBE-AZRTOS-L5.2.0.0
2024-06-19 12:53:24,896 [WARN] PackLoader:240 - Cannot read IP mode file for STMicroelectronics.X-CUBE-MEMS1.9.6.0
2024-06-19 12:53:25,063 [WARN] PackLoader:240 - Cannot read IP mode file for STMicroelectronics.X-CUBE-EEPRMA1.4.2.0
2024-06-19 12:53:25,072 [WARN] PackLoader:240 - Cannot read IP mode file for STMicroelectronics.X-CUBE-NFC6.3.1.0
2024-06-19 12:53:25,078 [WARN] PackLoader:240 - Cannot read IP mode file for ITTIA_DB.I-CUBE-ITTIADB.8.8.0
2024-06-19 12:53:25,086 [WARN] PackLoader:240 - Cannot read IP mode file for emotas.I-CUBE-CANOPEN.1.1.3
2024-06-19 12:53:25,093 [WARN] PackLoader:240 - Cannot read IP mode file for STMicroelectronics.X-CUBE-BLEMGR.2.0.0
2024-06-19 12:53:25,100 [WARN] PackLoader:240 - Cannot read IP mode file for STMicroelectronics.X-CUBE-NFC4.2.0.5
2024-06-19 12:53:25,115 [WARN] ConditionMgr:438 - getConditionDescription Invalid condition id : UX DEVICE CLASS RTOS Condition cause : null
2024-06-19 12:53:25,115 [WARN] ConditionMgr:438 - getConditionDescription Invalid condition id : UX DEVICE CLASS RTOS Condition cause : null
2024-06-19 12:53:25,118 [WARN] PackLoader:240 - Cannot read IP mode file for STMicroelectronics.X-CUBE-AZRTOS-H7.3.1.0
2024-06-19 12:53:25,120 [WARN] ConditionMgr:1039 - genDependencies : Invalid condition id : UX DEVICE CLASS RTOS Condition cause : null
2024-06-19 12:53:25,120 [WARN] ConditionMgr:1039 - genDependencies : Invalid condition id : UX DEVICE CLASS RTOS Condition cause : null
2024-06-19 12:53:25,121 [WARN] ConditionMgr:1039 - genDependencies : Invalid condition id : UX DEVICE CLASS RTOS Condition cause : null
2024-06-19 12:53:25,122 [WARN] ConditionMgr:1039 - genDependencies : Invalid condition id : UX DEVICE CLASS RTOS Condition cause : null
2024-06-19 12:53:25,122 [WARN] ConditionMgr:1039 - genDependencies : Invalid condition id : UX DEVICE CLASS RTOS Condition cause : null
2024-06-19 12:53:25,127 [WARN] PackLoader:240 - Cannot read IP mode file for wolfSSL.I-CUBE-wolfSSL.5.5.3
2024-06-19 12:53:25,133 [WARN] PackLoader:240 - Cannot read IP mode file for STMicroelectronics.X-CUBE-NFC7.1.0.1
2024-06-19 12:53:25,138 [WARN] PackLoader:240 - Cannot read IP mode file for STMicroelectronics.X-CUBE-NFC7.1.0.0
2024-06-19 12:53:25,146 [WARN] PackLoader:240 - Cannot read IP mode file for STMicroelectronics.X-CUBE-NFC6.3.0.0
2024-06-19 12:53:25,154 [WARN] PackLoader:240 - Cannot read IP mode file for STMicroelectronics.X-CUBE-EEPRMA1.4.1.0
2024-06-19 12:53:25,158 [WARN] PackLoader:240 - Cannot read IP mode file for STMicroelectronics.X-CUBE-AI.8.1.0
2024-06-19 12:53:25,175 [WARN] ConditionMgr:438 - getConditionDescription Invalid condition id : LAN8742 Phy interface Condition cause : null
2024-06-19 12:53:25,176 [WARN] PackLoader:240 - Cannot read IP mode file for STMicroelectronics.X-CUBE-AZRTOS-L4.2.0.0
2024-06-19 12:53:25,177 [WARN] ConditionMgr:1039 - genDependencies : Invalid condition id : LAN8742 Phy interface Condition cause : null
2024-06-19 12:53:25,177 [WARN] ConditionMgr:1039 - genDependencies : Invalid condition id : LAN8742 Phy interface Condition cause : null
2024-06-19 12:53:25,178 [WARN] ConditionMgr:1039 - genDependencies : Invalid condition id : LAN8742 Phy interface Condition cause : null
2024-06-19 12:53:25,186 [WARN] PackLoader:240 - Cannot read IP mode file for STMicroelectronics.X-CUBE-SFXS2LP1.4.0.0
2024-06-19 12:53:25,226 [WARN] PackLoader:240 - Cannot read IP mode file for STMicroelectronics.X-CUBE-AZRTOS-H7.3.0.0
2024-06-19 12:53:25,238 [WARN] PackLoader:240 - Cannot read IP mode file for STMicroelectronics.X-CUBE-ISPU.1.1.0
2024-06-19 12:53:25,251 [WARN] PackLoader:240 - Cannot read IP mode file for RoweBots.I-CUBE-UNISONRTOS.5.5.0-4
2024-06-19 12:53:25,261 [WARN] PackLoader:240 - Cannot read IP mode file for STMicroelectronics.X-CUBE-AI.8.0.0
2024-06-19 12:53:25,284 [WARN] ConditionMgr:438 - getConditionDescription Invalid condition id : UX DEVICE CLASS RTOS Condition cause : null
2024-06-19 12:53:25,285 [WARN] ConditionMgr:438 - getConditionDescription Invalid condition id : UX DEVICE CLASS RTOS Condition cause : null
2024-06-19 12:53:25,289 [WARN] PackLoader:240 - Cannot read IP mode file for STMicroelectronics.X-CUBE-AZRTOS-WB.2.0.0
2024-06-19 12:53:25,290 [WARN] ConditionMgr:1039 - genDependencies : Invalid condition id : UX DEVICE CLASS RTOS Condition cause : null
2024-06-19 12:53:25,291 [WARN] ConditionMgr:1039 - genDependencies : Invalid condition id : UX DEVICE CLASS RTOS Condition cause : null
2024-06-19 12:53:25,292 [WARN] ConditionMgr:1039 - genDependencies : Invalid condition id : UX DEVICE CLASS RTOS Condition cause : null
2024-06-19 12:53:25,292 [WARN] ConditionMgr:1039 - genDependencies : Invalid condition id : UX DEVICE CLASS RTOS Condition cause : null
2024-06-19 12:53:25,293 [WARN] ConditionMgr:1039 - genDependencies : Invalid condition id : UX DEVICE CLASS RTOS Condition cause : null
2024-06-19 12:53:25,302 [WARN] PackLoader:240 - Cannot read IP mode file for STMicroelectronics.X-CUBE-FREERTOS.1.0.0
2024-06-19 12:53:25,309 [WARN] PackLoader:240 - Cannot read IP mode file for STMicroelectronics.X-CUBE-FREERTOS.1.0.1
2024-06-19 12:53:25,342 [WARN] PackLoader:240 - Cannot read IP mode file for STMicroelectronics.X-CUBE-AZRTOS-L5.1.1.0
2024-06-19 12:53:25,359 [WARN] PackLoader:240 - Cannot read IP mode file for STMicroelectronics.X-CUBE-AI.8.0.1
2024-06-19 12:53:25,377 [WARN] PackLoader:240 - Cannot read IP mode file for STMicroelectronics.X-CUBE-SUBG2.5.0.0
2024-06-19 12:53:25,397 [WARN] PackLoader:240 - Cannot read IP mode file for STMicroelectronics.X-CUBE-TOF1.3.3.1
2024-06-19 12:53:25,434 [WARN] PackLoader:240 - Cannot read IP mode file for STMicroelectronics.X-CUBE-AZRTOS-G4.2.0.0
2024-06-19 12:53:25,449 [WARN] PackLoader:240 - Cannot read IP mode file for STMicroelectronics.X-CUBE-TOF1.3.3.0
2024-06-19 12:53:25,469 [WARN] PackLoader:240 - Cannot read IP mode file for STMicroelectronics.FP-ATR-ASTRA1.1.1.1
2024-06-19 12:53:25,488 [WARN] PackLoader:240 - Cannot read IP mode file for Infineon.AIROC-Wi-Fi-Bluetooth-STM32.1.5.1
2024-06-19 12:53:25,499 [WARN] PackLoader:240 - Cannot read IP mode file for STMicroelectronics.FP-SNS-MOTENVWB1.1.3.0
2024-06-19 12:53:25,504 [WARN] PackLoader:240 - Cannot read IP mode file for STMicroelectronics.FP-SNS-MOTENVWB1.1.3.1
2024-06-19 12:53:25,522 [WARN] PackLoader:240 - Cannot read IP mode file for STMicroelectronics.X-CUBE-AZRTOS-G4.1.0.0
2024-06-19 12:53:25,542 [WARN] PackLoader:240 - Cannot read IP mode file for STMicroelectronics.X-CUBE-AZRTOS-L4.1.0.0
2024-06-19 12:53:25,550 [WARN] PackLoader:240 - Cannot read IP mode file for STMicroelectronics.X-CUBE-ISPU.2.0.0
2024-06-19 12:53:25,609 [WARN] PackLoader:240 - Cannot read IP mode file for STMicroelectronics.X-CUBE-MEMS1.10.0.0
2024-06-19 12:53:25,741 [WARN] PackLoader:240 - Cannot read IP mode file for STMicroelectronics.X-CUBE-FREERTOS.1.1.0
2024-06-19 12:53:25,754 [WARN] PackLoader:240 - Cannot read IP mode file for STMicroelectronics.X-CUBE-AZRTOS-WL.1.0.0
2024-06-19 12:53:25,763 [WARN] PackLoader:240 - Cannot read IP mode file for portGmbH.I-Cube-SoM-uGOAL.1.1.0
2024-06-19 12:53:25,768 [WARN] PackLoader:240 - Cannot read IP mode file for STMicroelectronics.X-CUBE-ALS.1.0.1
2024-06-19 12:53:25,790 [WARN] PackLoader:240 - Cannot read IP mode file for STMicroelectronics.X-CUBE-AZRTOS-WB.1.1.0
2024-06-19 12:53:25,801 [WARN] PackLoader:240 - Cannot read IP mode file for STMicroelectronics.X-CUBE-EEPRMA1.3.1.1
2024-06-19 12:53:25,807 [WARN] PackLoader:240 - Cannot read IP mode file for STMicroelectronics.FP-ATR-ASTRA1.2.0.0
2024-06-19 12:53:25,825 [WARN] PackLoader:240 - Cannot read IP mode file for STMicroelectronics.X-CUBE-TOF1.3.4.0
2024-06-19 12:53:25,861 [WARN] PackLoader:240 - Cannot read IP mode file for STMicroelectronics.X-CUBE-TOF1.3.4.1
2024-06-19 12:53:25,909 [WARN] PackLoader:240 - Cannot read IP mode file for STMicroelectronics.X-CUBE-AZRTOS-H7.3.2.0
2024-06-19 12:53:25,916 [INFO] ThirdParty:978 - Integrity check success = true
2024-06-19 12:53:25,917 [INFO] IntegrityCheckThread:100 - exiting critical section [integrity check]
2024-06-19 12:53:25,917 [INFO] IntegrityCheckThread:103 - End integrity checks thread
