2024-06-20 08:51:49,863 [INFO] Activator:176 - 


2024-06-20 08:51:49,863 [INFO] Activator:177 - !SESSION log4j initialized
2024-06-20 08:51:59,040 [INFO] LogOutputStream:77 - [STDOUT_REDIRECT] 
2024-06-20 08:52:07,844 [INFO] ApplicationProperties:184 - Using Application install path: C:\ST\STM32CubeIDE_1.15.0\STM32CubeIDE\plugins\com.st.stm32cube.common.mx_6.11.0.202403141607
2024-06-20 08:52:07,865 [INFO] DbMcusXml:78 - Set database path to: C:\ST\STM32CubeIDE_1.15.0\STM32CubeIDE\plugins\com.st.stm32cube.common.mx_6.11.0.202403141607\\db\/mcu/
2024-06-20 08:52:07,866 [INFO] ApiDb:274 - Set plugin database path to: C:\ST\STM32CubeIDE_1.15.0\STM32CubeIDE\plugins\com.st.stm32cube.common.mx_6.11.0.202403141607\\db\/plugins/boardmanager/
2024-06-20 08:52:07,867 [WARN] ApiDb:259 - Overriding images path with different value:  => C:\ST\STM32CubeIDE_1.15.0\STM32CubeIDE\plugins\com.st.stm32cube.common.mx_6.11.0.202403141607\\db\/plugins/mcufinder/images/
2024-06-20 08:52:07,886 [INFO] ApiDb:250 - Set database path to: C:\Users\VMelehin\.stmcufinder\plugins\mcufinder//mcu/
2024-06-20 08:52:07,887 [INFO] DbMcusAds:125 - Set database path to: C:\Users\VMelehin\.stmcufinder\plugins\mcufinder//mcu/
2024-06-20 08:52:07,889 [INFO] CrossReferenceDbSqlite:203 - Set database path to: C:\Users\VMelehin\.stmcufinder\plugins\mcufinder//mcu/cs/
2024-06-20 08:52:08,055 [INFO] RulesReader:64 - Compatibility file has been processed (297 Rules)
2024-06-20 08:52:08,210 [INFO] DbMcusXml:78 - Set database path to: C:\ST\STM32CubeIDE_1.15.0\STM32CubeIDE\plugins\com.st.stm32cube.common.mx_6.11.0.202403141607\\db\/mcu/
2024-06-20 08:52:08,210 [INFO] ApiDb:274 - Set plugin database path to: C:\ST\STM32CubeIDE_1.15.0\STM32CubeIDE\plugins\com.st.stm32cube.common.mx_6.11.0.202403141607\\db\/plugins/boardmanager/
2024-06-20 08:52:08,210 [INFO] ApiDb:261 - Set plugin images path to: C:\ST\STM32CubeIDE_1.15.0\STM32CubeIDE\plugins\com.st.stm32cube.common.mx_6.11.0.202403141607\\db\/plugins/mcufinder/images/
2024-06-20 08:52:08,211 [WARN] DbFile:41 - Overriding database path with different value: C:\Users\VMelehin\.stmcufinder\plugins\mcufinder/ => C:\Users\VMelehin\.stmcufinder\plugins\mcufinder
2024-06-20 08:52:08,211 [INFO] ApiDb:250 - Set database path to: C:\Users\VMelehin\.stmcufinder\plugins\mcufinder//mcu/
2024-06-20 08:52:08,211 [WARN] DbFile:41 - Overriding database path with different value: C:\Users\VMelehin\.stmcufinder\plugins\mcufinder/ => C:\Users\VMelehin\.stmcufinder\plugins\mcufinder
2024-06-20 08:52:08,211 [INFO] DbMcusAds:125 - Set database path to: C:\Users\VMelehin\.stmcufinder\plugins\mcufinder//mcu/
2024-06-20 08:52:08,212 [WARN] DbFile:41 - Overriding database path with different value: C:\Users\VMelehin\.stmcufinder\plugins\mcufinder/ => C:\Users\VMelehin\.stmcufinder\plugins\mcufinder
2024-06-20 08:52:08,212 [WARN] DbFile:41 - Overriding database path with different value: C:\Users\VMelehin\.stmcufinder\plugins\mcufinder/ => C:\Users\VMelehin\.stmcufinder\plugins\mcufinder
2024-06-20 08:52:08,212 [INFO] CrossReferenceDbSqlite:203 - Set database path to: C:\Users\VMelehin\.stmcufinder\plugins\mcufinder//mcu/cs/
2024-06-20 08:52:08,352 [INFO] MainPanel:264 - HeapMemory: 268435456
2024-06-20 08:52:08,478 [INFO] DbMcusXml:78 - Set database path to: C:\ST\STM32CubeIDE_1.15.0\STM32CubeIDE\plugins\com.st.stm32cube.common.mx_6.11.0.202403141607\\db\/mcu/
2024-06-20 08:52:08,478 [INFO] ApiDb:274 - Set plugin database path to: C:\ST\STM32CubeIDE_1.15.0\STM32CubeIDE\plugins\com.st.stm32cube.common.mx_6.11.0.202403141607\\db\/plugins/boardmanager/
2024-06-20 08:52:08,478 [INFO] ApiDb:261 - Set plugin images path to: C:\ST\STM32CubeIDE_1.15.0\STM32CubeIDE\plugins\com.st.stm32cube.common.mx_6.11.0.202403141607\\db\/plugins/mcufinder/images/
2024-06-20 08:52:08,479 [WARN] DbFile:41 - Overriding database path with different value: C:\Users\VMelehin\.stmcufinder\plugins\mcufinder/ => C:\Users\VMelehin\.stmcufinder\plugins\mcufinder
2024-06-20 08:52:08,479 [INFO] ApiDb:250 - Set database path to: C:\Users\VMelehin\.stmcufinder\plugins\mcufinder//mcu/
2024-06-20 08:52:08,479 [WARN] DbFile:41 - Overriding database path with different value: C:\Users\VMelehin\.stmcufinder\plugins\mcufinder/ => C:\Users\VMelehin\.stmcufinder\plugins\mcufinder
2024-06-20 08:52:08,479 [INFO] DbMcusAds:125 - Set database path to: C:\Users\VMelehin\.stmcufinder\plugins\mcufinder//mcu/
2024-06-20 08:52:08,479 [WARN] DbFile:41 - Overriding database path with different value: C:\Users\VMelehin\.stmcufinder\plugins\mcufinder/ => C:\Users\VMelehin\.stmcufinder\plugins\mcufinder
2024-06-20 08:52:08,479 [WARN] DbFile:41 - Overriding database path with different value: C:\Users\VMelehin\.stmcufinder\plugins\mcufinder/ => C:\Users\VMelehin\.stmcufinder\plugins\mcufinder
2024-06-20 08:52:08,479 [INFO] CrossReferenceDbSqlite:203 - Set database path to: C:\Users\VMelehin\.stmcufinder\plugins\mcufinder//mcu/cs/
2024-06-20 08:52:08,502 [INFO] ApplicationProperties:184 - Using Application install path: C:\ST\STM32CubeIDE_1.15.0\STM32CubeIDE\plugins\com.st.stm32cube.common.mx_6.11.0.202403141607
2024-06-20 08:52:08,504 [INFO] PluginManage:196 - Search for loadable plugins [exclusion list=, ]
2024-06-20 08:52:08,506 [INFO] PluginManage:310 - Check plugin analytics
2024-06-20 08:52:13,309 [INFO] AnalyticsPlugin:253 - Accepted Software Licenses: STM32CubeMX.6.4.0
2024-06-20 08:52:13,310 [INFO] AnalyticsPlugin:255 - Accepted CMSIS Pack Licenses: 
2024-06-20 08:52:13,310 [INFO] AnalyticsPlugin:257 - Accepted Firmware Licenses: FW.G0.1.5.0
2024-06-20 08:52:13,314 [INFO] PluginManage:359 - Loaded plugin analytics (category:tool,tabindex:-1)
2024-06-20 08:52:13,315 [INFO] PluginManage:310 - Check plugin cadmodel
2024-06-20 08:52:13,336 [INFO] CADModel:105 - Init CAD model plugin
2024-06-20 08:52:13,336 [INFO] PluginManage:359 - Loaded plugin cadmodel (category:power,tabindex:5)
2024-06-20 08:52:13,337 [INFO] PluginManage:310 - Check plugin clock
2024-06-20 08:52:13,374 [INFO] PluginManage:359 - Loaded plugin clock (category:base,tabindex:2)
2024-06-20 08:52:13,374 [INFO] PluginManage:310 - Check plugin ddr
2024-06-20 08:52:13,379 [INFO] PluginManage:359 - Loaded plugin ddr (category:tool,tabindex:6)
2024-06-20 08:52:13,379 [INFO] PluginManage:310 - Check plugin filemanager
2024-06-20 08:52:13,781 [INFO] PluginManage:359 - Loaded plugin filemanager (category:base,tabindex:10)
2024-06-20 08:52:13,781 [INFO] PluginManage:310 - Check plugin ipmanager
2024-06-20 08:52:13,791 [INFO] PluginManage:359 - Loaded plugin ipmanager (category:base,tabindex:5)
2024-06-20 08:52:13,791 [INFO] PluginManage:310 - Check plugin lpbam
2024-06-20 08:52:13,813 [INFO] PluginManage:359 - Loaded plugin lpbam (category:base,tabindex:0)
2024-06-20 08:52:13,813 [INFO] PluginManage:310 - Check plugin memorymap
2024-06-20 08:52:13,844 [INFO] PluginManage:359 - Loaded plugin memorymap (category:base,tabindex:4)
2024-06-20 08:52:13,844 [INFO] PluginManage:310 - Check plugin pinoutandconfiguration
2024-06-20 08:52:13,864 [INFO] PluginManage:359 - Loaded plugin pinoutandconfiguration (category:base,tabindex:1)
2024-06-20 08:52:13,865 [INFO] PluginManage:310 - Check plugin pinoutconfig
2024-06-20 08:52:13,976 [WARN] SupportedApi:132 - Cannot load RTOS API schema: s4s-elt-must-match.1: The content of 'definitions' must match (annotation?, (simpleType | complexType)?, (unique | key | keyref)*)). A problem was found starting at: attribute.
2024-06-20 08:52:14,158 [INFO] PluginManage:359 - Loaded plugin pinoutconfig (category:base,tabindex:0)
2024-06-20 08:52:14,158 [INFO] PluginManage:310 - Check plugin power
2024-06-20 08:52:14,184 [INFO] PluginManage:359 - Loaded plugin power (category:power,tabindex:4)
2024-06-20 08:52:14,185 [INFO] PluginManage:310 - Check plugin projectmanager
2024-06-20 08:52:14,208 [INFO] PluginManage:359 - Loaded plugin projectmanager (category:projectmanager,tabindex:3)
2024-06-20 08:52:14,208 [INFO] PluginManage:310 - Check plugin thirdparty
2024-06-20 08:52:14,571 [INFO] PluginManage:359 - Loaded plugin thirdparty (category:base,tabindex:-1)
2024-06-20 08:52:14,571 [INFO] PluginManage:310 - Check plugin tools
2024-06-20 08:52:14,571 [WARN] IntegrityCheckThread:84 - waiting for thirdparty lock release [integrity check]
2024-06-20 08:52:14,572 [INFO] IntegrityCheckThread:86 - entering critical section [integrity check]
2024-06-20 08:52:14,572 [INFO] ThirdPartyUpdaterWithRetryManager:70 - Updater plugin not ready yet. [1/15]
2024-06-20 08:52:14,613 [INFO] PluginManage:359 - Loaded plugin tools (category:base,tabindex:7)
2024-06-20 08:52:14,613 [INFO] PluginManage:310 - Check plugin tutovideos
2024-06-20 08:52:14,871 [INFO] PluginManage:359 - Loaded plugin tutovideos (category:base,tabindex:-1)
2024-06-20 08:52:14,872 [INFO] PluginManage:310 - Check plugin updater
2024-06-20 08:52:14,883 [INFO] PluginManage:359 - Loaded plugin updater (category:base,tabindex:12)
2024-06-20 08:52:14,883 [INFO] PluginManage:310 - Check plugin userauth
2024-06-20 08:52:14,890 [INFO] UserAuth:114 - Init User Auth plugin
2024-06-20 08:52:14,890 [INFO] PluginManage:359 - Loaded plugin userauth (category:base,tabindex:14)
2024-06-20 08:52:14,890 [INFO] PluginManage:283 - PluginManage : Loaded plugins [17]
2024-06-20 08:52:15,146 [INFO] PinOutPanel:1561 - setPackage(No Configuration,No Configuration)
2024-06-20 08:52:15,235 [INFO] CADModel:165 - CPN selected for project level
2024-06-20 08:52:15,235 [INFO] CADModel:114 - Register for checkConnection events
2024-06-20 08:52:15,265 [INFO] IPUIPlugin:80 - create IPUIPlugin
2024-06-20 08:52:15,266 [INFO] PluginManager:220 - loadIPPluginJar : add adc
2024-06-20 08:52:15,308 [INFO] IPUIPlugin:80 - create IPUIPlugin
2024-06-20 08:52:15,308 [INFO] PluginManager:220 - loadIPPluginJar : add aes
2024-06-20 08:52:15,360 [INFO] IPUIPlugin:80 - create IPUIPlugin
2024-06-20 08:52:15,360 [INFO] PluginManager:220 - loadIPPluginJar : add can
2024-06-20 08:52:15,388 [INFO] IPUIPlugin:80 - create IPUIPlugin
2024-06-20 08:52:15,388 [INFO] PluginManager:220 - loadIPPluginJar : add comp
2024-06-20 08:52:15,427 [INFO] IPUIPlugin:80 - create IPUIPlugin
2024-06-20 08:52:15,428 [INFO] PluginManager:220 - loadIPPluginJar : add cryp
2024-06-20 08:52:15,465 [INFO] IPUIPlugin:80 - create IPUIPlugin
2024-06-20 08:52:15,465 [INFO] PluginManager:220 - loadIPPluginJar : add dfsdm
2024-06-20 08:52:15,482 [INFO] IPUIPlugin:80 - create IPUIPlugin
2024-06-20 08:52:15,483 [INFO] PluginManager:220 - loadIPPluginJar : add dma
2024-06-20 08:52:15,537 [INFO] IPUIPlugin:80 - create IPUIPlugin
2024-06-20 08:52:15,537 [INFO] PluginManager:220 - loadIPPluginJar : add dma3
2024-06-20 08:52:15,591 [INFO] IPUIPlugin:80 - create IPUIPlugin
2024-06-20 08:52:15,591 [INFO] PluginManager:220 - loadIPPluginJar : add extmemmanager
2024-06-20 08:52:15,614 [INFO] IPUIPlugin:80 - create IPUIPlugin
2024-06-20 08:52:15,614 [INFO] PluginManager:220 - loadIPPluginJar : add fatfs
2024-06-20 08:52:15,671 [INFO] IPUIPlugin:80 - create IPUIPlugin
2024-06-20 08:52:15,671 [INFO] PluginManager:220 - loadIPPluginJar : add fmc
2024-06-20 08:52:15,690 [INFO] IPUIPlugin:80 - create IPUIPlugin
2024-06-20 08:52:15,691 [INFO] PluginManager:220 - loadIPPluginJar : add freertos
2024-06-20 08:52:15,718 [INFO] IPUIPlugin:80 - create IPUIPlugin
2024-06-20 08:52:15,719 [INFO] PluginManager:220 - loadIPPluginJar : add genericplugin
2024-06-20 08:52:15,835 [INFO] IPUIPlugin:80 - create IPUIPlugin
2024-06-20 08:52:15,835 [INFO] PluginManager:220 - loadIPPluginJar : add gfxmmu
2024-06-20 08:52:15,996 [INFO] IPUIPlugin:80 - create IPUIPlugin
2024-06-20 08:52:15,996 [INFO] PluginManager:220 - loadIPPluginJar : add gic
2024-06-20 08:52:16,011 [INFO] IPUIPlugin:80 - create IPUIPlugin
2024-06-20 08:52:16,011 [INFO] PluginManager:220 - loadIPPluginJar : add gpio
2024-06-20 08:52:16,116 [INFO] IPUIPlugin:80 - create IPUIPlugin
2024-06-20 08:52:16,116 [INFO] PluginManager:220 - loadIPPluginJar : add gtzc
2024-06-20 08:52:16,156 [INFO] IPUIPlugin:80 - create IPUIPlugin
2024-06-20 08:52:16,156 [INFO] PluginManager:220 - loadIPPluginJar : add hash
2024-06-20 08:52:16,218 [INFO] IPUIPlugin:80 - create IPUIPlugin
2024-06-20 08:52:16,218 [INFO] PluginManager:220 - loadIPPluginJar : add i2c
2024-06-20 08:52:16,266 [INFO] IPUIPlugin:80 - create IPUIPlugin
2024-06-20 08:52:16,266 [INFO] PluginManager:220 - loadIPPluginJar : add i2s
2024-06-20 08:52:16,315 [INFO] IPUIPlugin:80 - create IPUIPlugin
2024-06-20 08:52:16,315 [INFO] PluginManager:220 - loadIPPluginJar : add i3c
2024-06-20 08:52:16,438 [INFO] IPUIPlugin:80 - create IPUIPlugin
2024-06-20 08:52:16,439 [INFO] PluginManager:220 - loadIPPluginJar : add ipddr
2024-06-20 08:52:16,545 [INFO] IPUIPlugin:80 - create IPUIPlugin
2024-06-20 08:52:16,545 [INFO] PluginManager:220 - loadIPPluginJar : add linkedlist
2024-06-20 08:52:16,587 [INFO] IPUIPlugin:80 - create IPUIPlugin
2024-06-20 08:52:16,587 [INFO] PluginManager:220 - loadIPPluginJar : add lorawan
2024-06-20 08:52:16,637 [INFO] IPUIPlugin:80 - create IPUIPlugin
2024-06-20 08:52:16,637 [INFO] PluginManager:220 - loadIPPluginJar : add ltdc
2024-06-20 08:52:16,655 [INFO] IPUIPlugin:80 - create IPUIPlugin
2024-06-20 08:52:16,655 [INFO] PluginManager:220 - loadIPPluginJar : add mdma
2024-06-20 08:52:16,668 [INFO] IPUIPlugin:80 - create IPUIPlugin
2024-06-20 08:52:16,668 [INFO] PluginManager:220 - loadIPPluginJar : add nvic
2024-06-20 08:52:16,717 [INFO] IPUIPlugin:80 - create IPUIPlugin
2024-06-20 08:52:16,717 [INFO] PluginManager:220 - loadIPPluginJar : add opamp
2024-06-20 08:52:16,793 [INFO] IPUIPlugin:80 - create IPUIPlugin
2024-06-20 08:52:16,793 [INFO] PluginManager:220 - loadIPPluginJar : add openamp
2024-06-20 08:52:16,843 [INFO] IPUIPlugin:80 - create IPUIPlugin
2024-06-20 08:52:16,843 [INFO] PluginManager:220 - loadIPPluginJar : add pdm2pcm
2024-06-20 08:52:16,859 [INFO] IPUIPlugin:80 - create IPUIPlugin
2024-06-20 08:52:16,861 [INFO] PluginManager:220 - loadIPPluginJar : add plateformsettings
2024-06-20 08:52:16,886 [INFO] IPUIPlugin:80 - create IPUIPlugin
2024-06-20 08:52:16,886 [INFO] PluginManager:220 - loadIPPluginJar : add quadspi
2024-06-20 08:52:16,899 [INFO] IPUIPlugin:80 - create IPUIPlugin
2024-06-20 08:52:16,900 [INFO] PluginManager:220 - loadIPPluginJar : add resmgrutility
2024-06-20 08:52:16,954 [INFO] IPUIPlugin:80 - create IPUIPlugin
2024-06-20 08:52:16,954 [INFO] PluginManager:220 - loadIPPluginJar : add sai
2024-06-20 08:52:16,996 [INFO] IPUIPlugin:80 - create IPUIPlugin
2024-06-20 08:52:16,996 [INFO] PluginManager:220 - loadIPPluginJar : add spi
2024-06-20 08:52:17,075 [INFO] IPUIPlugin:80 - create IPUIPlugin
2024-06-20 08:52:17,076 [INFO] PluginManager:220 - loadIPPluginJar : add stm32_wpan
2024-06-20 08:52:17,103 [INFO] IPUIPlugin:80 - create IPUIPlugin
2024-06-20 08:52:17,104 [INFO] PluginManager:220 - loadIPPluginJar : add tim
2024-06-20 08:52:17,174 [INFO] IPUIPlugin:80 - create IPUIPlugin
2024-06-20 08:52:17,174 [INFO] PluginManager:220 - loadIPPluginJar : add touchsensing
2024-06-20 08:52:17,203 [INFO] IPUIPlugin:80 - create IPUIPlugin
2024-06-20 08:52:17,203 [INFO] PluginManager:220 - loadIPPluginJar : add tracer_emb
2024-06-20 08:52:17,230 [INFO] IPUIPlugin:80 - create IPUIPlugin
2024-06-20 08:52:17,230 [INFO] PluginManager:220 - loadIPPluginJar : add ts
2024-06-20 08:52:17,256 [INFO] IPUIPlugin:80 - create IPUIPlugin
2024-06-20 08:52:17,256 [INFO] PluginManager:220 - loadIPPluginJar : add tsc
2024-06-20 08:52:17,283 [INFO] IPUIPlugin:80 - create IPUIPlugin
2024-06-20 08:52:17,283 [INFO] PluginManager:220 - loadIPPluginJar : add ucpd
2024-06-20 08:52:17,335 [INFO] IPUIPlugin:80 - create IPUIPlugin
2024-06-20 08:52:17,335 [INFO] PluginManager:220 - loadIPPluginJar : add usart
2024-06-20 08:52:17,386 [INFO] IPUIPlugin:80 - create IPUIPlugin
2024-06-20 08:52:17,386 [INFO] PluginManager:220 - loadIPPluginJar : add usbx
2024-06-20 08:52:17,526 [INFO] CADModel:165 - CPN selected for project level
2024-06-20 08:52:17,526 [INFO] CADModel:114 - Register for checkConnection events
2024-06-20 08:52:17,526 [FATAL] Updater:308 - Updater called before beeing initialized
2024-06-20 08:52:17,527 [ERROR] CADModel:125 - Updater not yet initialized, retry later 
2024-06-20 08:52:17,574 [INFO] ThirdPartyUpdaterWithRetryManager:70 - Updater plugin not ready yet. [2/15]
2024-06-20 08:52:17,746 [INFO] CADModel:165 - CPN selected for project level
2024-06-20 08:52:17,746 [INFO] CADModel:114 - Register for checkConnection events
2024-06-20 08:52:17,747 [FATAL] Updater:308 - Updater called before beeing initialized
2024-06-20 08:52:17,747 [ERROR] CADModel:125 - Updater not yet initialized, retry later 
2024-06-20 08:52:17,751 [FATAL] Updater:308 - Updater called before beeing initialized
2024-06-20 08:52:17,891 [FATAL] Updater:308 - Updater called before beeing initialized
2024-06-20 08:52:17,902 [INFO] DbMcusAds:53 - JSON generation date=Wed Nov 29 13:52:27 MSK 2023 (1701255147349)
2024-06-20 08:52:17,903 [FATAL] Updater:308 - Updater called before beeing initialized
2024-06-20 08:52:17,993 [WARN] DetailPanel:346 - Failed to get advertising image, set to default
2024-06-20 08:52:18,091 [FATAL] Updater:308 - Updater called before beeing initialized
2024-06-20 08:52:18,093 [FATAL] Updater:308 - Updater called before beeing initialized
2024-06-20 08:52:18,093 [FATAL] Updater:308 - Updater called before beeing initialized
2024-06-20 08:52:18,093 [WARN] DetailPanel:346 - Failed to get advertising image, set to default
2024-06-20 08:52:18,094 [FATAL] Updater:308 - Updater called before beeing initialized
2024-06-20 08:52:18,167 [ERROR] Updater:1120 - MainUpdater not yet initialized. External WinMGr cannot be set.
2024-06-20 08:52:18,180 [INFO] Updater:1056 - Updater Version found : 6.11.0
2024-06-20 08:52:18,203 [INFO] ApplicationProperties:184 - Using Application install path: C:\ST\STM32CubeIDE_1.15.0\STM32CubeIDE\plugins\com.st.stm32cube.common.mx_6.11.0.202403141607
2024-06-20 08:52:18,745 [ERROR] CheckConnectionManager:249 - Problem, Http access forbiden
2024-06-20 08:52:18,748 [INFO] MainUpdater:2873 - connection check result : 22
2024-06-20 08:52:18,749 [INFO] MainUpdater:290 - Updater Check For Update Now.
2024-06-20 08:52:18,750 [INFO] MicroXplorer:498 - Change Database Version : DB.6.0.110
2024-06-20 08:52:18,776 [INFO] McuFinderGlobals:63 - Set McuFinder mode to 2 (CubeIDE integrated)
2024-06-20 08:52:18,777 [INFO] UserAuth:179 - activating auth plugin
2024-06-20 08:52:18,781 [INFO] UserAuth:415 - Internet connection configuration mode: 2
2024-06-20 08:52:18,812 [INFO] UserAuth:415 - Internet connection configuration mode: 2
2024-06-20 08:52:19,019 [INFO] CheckServerUpdateThread:120 - End of CheckServer Thread
2024-06-20 08:52:20,873 [WARN] PackLoader:240 - Cannot read IP mode file for STMicroelectronics.X-CUBE-SMBUS.2.1.0
2024-06-20 08:52:20,896 [WARN] PackLoader:240 - Cannot read IP mode file for STMicroelectronics.X-CUBE-TOUCHGFX.4.23.1
2024-06-20 08:52:20,909 [WARN] PackLoader:240 - Cannot read IP mode file for STMicroelectronics.X-CUBE-TOUCHGFX.4.23.0
2024-06-20 08:52:20,921 [WARN] PackLoader:240 - Cannot read IP mode file for STMicroelectronics.X-CUBE-TOUCHGFX.4.23.2
2024-06-20 08:52:20,974 [WARN] PackLoader:240 - Cannot read IP mode file for STMicroelectronics.X-CUBE-AZRTOS-F7.1.1.0
2024-06-20 08:52:21,000 [ERROR] RealEvaluatedCondition:428 - Found unsupported composite condition: GROUP='STM32_MetaDataManager' CLASS='Data Exchange'
2024-06-20 08:52:21,000 [ERROR] RealEvaluatedCondition:428 - Found unsupported composite condition: CLASS='Data Exchange' GROUP='STM32_MetaDataManager'
2024-06-20 08:52:21,003 [WARN] PackLoader:240 - Cannot read IP mode file for STMicroelectronics.FP-SNS-MOTENV1.4.3.0
2024-06-20 08:52:21,027 [WARN] PackLoader:240 - Cannot read IP mode file for STMicroelectronics.FP-SNS-MOTENV1.4.3.2
2024-06-20 08:52:21,049 [WARN] PackLoader:240 - Cannot read IP mode file for STMicroelectronics.FP-SNS-FLIGHT1.5.0.0
2024-06-20 08:52:21,068 [ERROR] RealEvaluatedCondition:428 - Found unsupported composite condition: GROUP='STM32_MetaDataManager' CLASS='Data Exchange'
2024-06-20 08:52:21,069 [ERROR] RealEvaluatedCondition:428 - Found unsupported composite condition: GROUP='STM32_MetaDataManager' CLASS='Data Exchange'
2024-06-20 08:52:21,070 [WARN] PackLoader:240 - Cannot read IP mode file for STMicroelectronics.FP-SNS-MOTENV1.4.3.1
2024-06-20 08:52:21,090 [WARN] PackLoader:240 - Cannot read IP mode file for STMicroelectronics.FP-SNS-FLIGHT1.5.0.1
2024-06-20 08:52:21,113 [WARN] PackLoader:240 - Cannot read IP mode file for STMicroelectronics.X-CUBE-BLE1.6.2.4
2024-06-20 08:52:21,129 [WARN] PackLoader:240 - Cannot read IP mode file for STMicroelectronics.FP-SNS-FLIGHT1.5.0.2
2024-06-20 08:52:21,152 [WARN] PackLoader:240 - Cannot read IP mode file for STMicroelectronics.X-CUBE-DISPLAY.3.0.0
2024-06-20 08:52:21,176 [WARN] PackLoader:240 - Cannot read IP mode file for STMicroelectronics.X-CUBE-BLE1.7.0.0
2024-06-20 08:52:21,198 [WARN] PackLoader:240 - Cannot read IP mode file for STMicroelectronics.X-CUBE-TOUCHGFX.4.22.0
2024-06-20 08:52:21,214 [WARN] PackLoader:240 - Cannot read IP mode file for STMicroelectronics.X-CUBE-TOUCHGFX.4.22.1
2024-06-20 08:52:21,237 [WARN] PackLoader:240 - Cannot read IP mode file for STMicroelectronics.X-CUBE-BLEMGR.3.1.0
2024-06-20 08:52:21,255 [WARN] PackLoader:240 - Cannot read IP mode file for STMicroelectronics.FP-SNS-SMARTAG2.1.2.0
2024-06-20 08:52:21,279 [INFO] LogOutputStream:77 - [STDOUT_REDIRECT] 1 : Invalid condition id : UX_CORESTACK_Condition cause : null
2024-06-20 08:52:21,280 [INFO] LogOutputStream:77 - [STDOUT_REDIRECT] 1 : Invalid condition id : UX_CORESTACK_Condition cause : null
2024-06-20 08:52:21,281 [INFO] LogOutputStream:77 - [STDOUT_REDIRECT] 1 : Invalid condition id : UX_CORESTACK_Condition cause : null
2024-06-20 08:52:21,283 [INFO] LogOutputStream:77 - [STDOUT_REDIRECT] 1 : Invalid condition id : UX_CORESTACK_Condition cause : null
2024-06-20 08:52:21,285 [INFO] LogOutputStream:77 - [STDOUT_REDIRECT] 1 : Invalid condition id : UX_CORESTACK_Condition cause : null
2024-06-20 08:52:21,288 [WARN] PackLoader:240 - Cannot read IP mode file for STMicroelectronics.X-CUBE-AZRTOS-WL.2.0.0
2024-06-20 08:52:21,305 [WARN] PackLoader:240 - Cannot read IP mode file for STMicroelectronics.FP-SNS-MOTENV1.5.0.0
2024-06-20 08:52:21,331 [WARN] PackLoader:240 - Cannot read IP mode file for WES.I-CUBE-Cesium.1.3.0
2024-06-20 08:52:21,349 [WARN] PackLoader:240 - Cannot read IP mode file for STMicroelectronics.X-CUBE-BLE2.3.3.0
2024-06-20 08:52:21,368 [WARN] PackLoader:240 - Cannot read IP mode file for STMicroelectronics.X-CUBE-DISPLAY.2.2.0
2024-06-20 08:52:21,396 [WARN] PackLoader:240 - Cannot read IP mode file for STMicroelectronics.X-CUBE-TOF1.3.2.0
2024-06-20 08:52:21,465 [WARN] PackLoader:240 - Cannot read IP mode file for STMicroelectronics.X-CUBE-AZRTOS-H7.2.1.0
2024-06-20 08:52:21,538 [WARN] PackLoader:240 - Cannot read IP mode file for STMicroelectronics.X-CUBE-TCPP.4.1.0
2024-06-20 08:52:21,565 [WARN] PackLoader:240 - Cannot read IP mode file for STMicroelectronics.X-CUBE-TOUCHGFX.4.21.1
2024-06-20 08:52:21,618 [WARN] PackLoader:240 - Cannot read IP mode file for STMicroelectronics.X-CUBE-TOUCHGFX.4.21.0
2024-06-20 08:52:21,655 [WARN] PackLoader:240 - Cannot read IP mode file for STMicroelectronics.X-CUBE-TOUCHGFX.4.21.3
2024-06-20 08:52:21,677 [WARN] PackLoader:240 - Cannot read IP mode file for STMicroelectronics.X-CUBE-TOUCHGFX.4.21.4
2024-06-20 08:52:21,790 [WARN] PackLoader:240 - Cannot read IP mode file for STMicroelectronics.X-CUBE-MEMS1.9.4.0
2024-06-20 08:52:21,969 [WARN] PackLoader:240 - Cannot read IP mode file for STMicroelectronics.X-CUBE-AI.7.3.0
2024-06-20 08:52:22,000 [WARN] PackLoader:240 - Cannot read IP mode file for STMicroelectronics.X-CUBE-ALGOBUILD.1.3.0
2024-06-20 08:52:22,055 [WARN] PackLoader:240 - Cannot read IP mode file for STMicroelectronics.X-CUBE-AZRTOS-G0.1.1.0
2024-06-20 08:52:22,082 [WARN] PackLoader:240 - Cannot read IP mode file for STMicroelectronics.X-CUBE-SAFEA1.1.2.2
2024-06-20 08:52:22,101 [WARN] PackLoader:240 - Cannot read IP mode file for STMicroelectronics.X-CUBE-NFC4.3.0.0
2024-06-20 08:52:22,129 [WARN] PackLoader:240 - Cannot read IP mode file for STMicroelectronics.X-CUBE-BLEMGR.3.0.0
2024-06-20 08:52:22,163 [WARN] PackLoader:240 - Cannot read IP mode file for STMicroelectronics.X-CUBE-BLEMGR.1.3.0
2024-06-20 08:52:22,184 [WARN] PackLoader:240 - Cannot read IP mode file for STMicroelectronics.FP-ATR-SIGFOX1.3.2.0
2024-06-20 08:52:22,207 [WARN] PackLoader:240 - Cannot read IP mode file for STMicroelectronics.X-CUBE-EEPRMA1.5.1.0
2024-06-20 08:52:22,224 [WARN] PackLoader:240 - Cannot read IP mode file for STMicroelectronics.X-CUBE-TOUCHGFX.4.20.0
2024-06-20 08:52:22,303 [WARN] PackLoader:240 - Cannot read IP mode file for STMicroelectronics.X-CUBE-MEMS1.9.5.0
2024-06-20 08:52:22,532 [WARN] PackLoader:240 - Cannot read IP mode file for SEGGER.I-CUBE-embOS.1.3.1
2024-06-20 08:52:22,631 [WARN] PackLoader:240 - Cannot read IP mode file for SEGGER.I-CUBE-embOS.1.3.0
2024-06-20 08:52:22,712 [WARN] PackLoader:240 - Cannot read IP mode file for STMicroelectronics.X-CUBE-GNSS1.6.0.0
2024-06-20 08:52:22,760 [WARN] PackLoader:240 - Cannot read IP mode file for STMicroelectronics.X-CUBE-AZRTOS-F4.1.1.0
2024-06-20 08:52:22,802 [WARN] PackLoader:240 - Cannot read IP mode file for STMicroelectronics.X-CUBE-AZRTOS-L5.2.0.0
2024-06-20 08:52:22,888 [WARN] PackLoader:240 - Cannot read IP mode file for STMicroelectronics.X-CUBE-MEMS1.9.6.0
2024-06-20 08:52:23,052 [WARN] PackLoader:240 - Cannot read IP mode file for STMicroelectronics.X-CUBE-EEPRMA1.4.2.0
2024-06-20 08:52:23,074 [WARN] PackLoader:240 - Cannot read IP mode file for STMicroelectronics.X-CUBE-NFC6.3.1.0
2024-06-20 08:52:23,093 [WARN] PackLoader:240 - Cannot read IP mode file for ITTIA_DB.I-CUBE-ITTIADB.8.8.0
2024-06-20 08:52:23,112 [WARN] PackLoader:240 - Cannot read IP mode file for emotas.I-CUBE-CANOPEN.1.1.3
2024-06-20 08:52:23,134 [WARN] PackLoader:240 - Cannot read IP mode file for STMicroelectronics.X-CUBE-BLEMGR.2.0.0
2024-06-20 08:52:23,153 [WARN] PackLoader:240 - Cannot read IP mode file for STMicroelectronics.X-CUBE-NFC4.2.0.5
2024-06-20 08:52:23,195 [WARN] ConditionMgr:438 - getConditionDescription Invalid condition id : UX DEVICE CLASS RTOS Condition cause : null
2024-06-20 08:52:23,195 [WARN] ConditionMgr:438 - getConditionDescription Invalid condition id : UX DEVICE CLASS RTOS Condition cause : null
2024-06-20 08:52:23,198 [WARN] PackLoader:240 - Cannot read IP mode file for STMicroelectronics.X-CUBE-AZRTOS-H7.3.1.0
2024-06-20 08:52:23,199 [WARN] ConditionMgr:1039 - genDependencies : Invalid condition id : UX DEVICE CLASS RTOS Condition cause : null
2024-06-20 08:52:23,199 [WARN] ConditionMgr:1039 - genDependencies : Invalid condition id : UX DEVICE CLASS RTOS Condition cause : null
2024-06-20 08:52:23,200 [WARN] ConditionMgr:1039 - genDependencies : Invalid condition id : UX DEVICE CLASS RTOS Condition cause : null
2024-06-20 08:52:23,200 [WARN] ConditionMgr:1039 - genDependencies : Invalid condition id : UX DEVICE CLASS RTOS Condition cause : null
2024-06-20 08:52:23,200 [WARN] ConditionMgr:1039 - genDependencies : Invalid condition id : UX DEVICE CLASS RTOS Condition cause : null
2024-06-20 08:52:23,224 [WARN] PackLoader:240 - Cannot read IP mode file for wolfSSL.I-CUBE-wolfSSL.5.5.3
2024-06-20 08:52:23,246 [WARN] PackLoader:240 - Cannot read IP mode file for STMicroelectronics.X-CUBE-NFC7.1.0.1
2024-06-20 08:52:23,269 [WARN] PackLoader:240 - Cannot read IP mode file for STMicroelectronics.X-CUBE-NFC7.1.0.0
2024-06-20 08:52:23,298 [WARN] PackLoader:240 - Cannot read IP mode file for STMicroelectronics.X-CUBE-NFC6.3.0.0
2024-06-20 08:52:23,323 [WARN] PackLoader:240 - Cannot read IP mode file for STMicroelectronics.X-CUBE-EEPRMA1.4.1.0
2024-06-20 08:52:23,344 [WARN] PackLoader:240 - Cannot read IP mode file for STMicroelectronics.X-CUBE-AI.8.1.0
2024-06-20 08:52:23,382 [WARN] ConditionMgr:438 - getConditionDescription Invalid condition id : LAN8742 Phy interface Condition cause : null
2024-06-20 08:52:23,383 [WARN] PackLoader:240 - Cannot read IP mode file for STMicroelectronics.X-CUBE-AZRTOS-L4.2.0.0
2024-06-20 08:52:23,385 [WARN] ConditionMgr:1039 - genDependencies : Invalid condition id : LAN8742 Phy interface Condition cause : null
2024-06-20 08:52:23,386 [WARN] ConditionMgr:1039 - genDependencies : Invalid condition id : LAN8742 Phy interface Condition cause : null
2024-06-20 08:52:23,386 [WARN] ConditionMgr:1039 - genDependencies : Invalid condition id : LAN8742 Phy interface Condition cause : null
2024-06-20 08:52:23,407 [WARN] PackLoader:240 - Cannot read IP mode file for STMicroelectronics.X-CUBE-SFXS2LP1.4.0.0
2024-06-20 08:52:23,450 [WARN] PackLoader:240 - Cannot read IP mode file for STMicroelectronics.X-CUBE-AZRTOS-H7.3.0.0
2024-06-20 08:52:23,472 [WARN] PackLoader:240 - Cannot read IP mode file for STMicroelectronics.X-CUBE-ISPU.1.1.0
2024-06-20 08:52:23,504 [WARN] PackLoader:240 - Cannot read IP mode file for RoweBots.I-CUBE-UNISONRTOS.5.5.0-4
2024-06-20 08:52:23,521 [WARN] PackLoader:240 - Cannot read IP mode file for STMicroelectronics.X-CUBE-AI.8.0.0
2024-06-20 08:52:23,557 [WARN] ConditionMgr:438 - getConditionDescription Invalid condition id : UX DEVICE CLASS RTOS Condition cause : null
2024-06-20 08:52:23,557 [WARN] ConditionMgr:438 - getConditionDescription Invalid condition id : UX DEVICE CLASS RTOS Condition cause : null
2024-06-20 08:52:23,560 [WARN] PackLoader:240 - Cannot read IP mode file for STMicroelectronics.X-CUBE-AZRTOS-WB.2.0.0
2024-06-20 08:52:23,561 [WARN] ConditionMgr:1039 - genDependencies : Invalid condition id : UX DEVICE CLASS RTOS Condition cause : null
2024-06-20 08:52:23,562 [WARN] ConditionMgr:1039 - genDependencies : Invalid condition id : UX DEVICE CLASS RTOS Condition cause : null
2024-06-20 08:52:23,563 [WARN] ConditionMgr:1039 - genDependencies : Invalid condition id : UX DEVICE CLASS RTOS Condition cause : null
2024-06-20 08:52:23,563 [WARN] ConditionMgr:1039 - genDependencies : Invalid condition id : UX DEVICE CLASS RTOS Condition cause : null
2024-06-20 08:52:23,564 [WARN] ConditionMgr:1039 - genDependencies : Invalid condition id : UX DEVICE CLASS RTOS Condition cause : null
2024-06-20 08:52:23,581 [WARN] PackLoader:240 - Cannot read IP mode file for STMicroelectronics.X-CUBE-FREERTOS.1.0.0
2024-06-20 08:52:23,597 [WARN] PackLoader:240 - Cannot read IP mode file for STMicroelectronics.X-CUBE-FREERTOS.1.0.1
2024-06-20 08:52:23,628 [WARN] PackLoader:240 - Cannot read IP mode file for STMicroelectronics.X-CUBE-AZRTOS-L5.1.1.0
2024-06-20 08:52:23,646 [WARN] PackLoader:240 - Cannot read IP mode file for STMicroelectronics.X-CUBE-AI.8.0.1
2024-06-20 08:52:23,671 [WARN] PackLoader:240 - Cannot read IP mode file for STMicroelectronics.X-CUBE-SUBG2.5.0.0
2024-06-20 08:52:23,697 [WARN] PackLoader:240 - Cannot read IP mode file for STMicroelectronics.X-CUBE-TOF1.3.3.1
2024-06-20 08:52:23,756 [WARN] PackLoader:240 - Cannot read IP mode file for STMicroelectronics.X-CUBE-AZRTOS-G4.2.0.0
2024-06-20 08:52:23,785 [WARN] PackLoader:240 - Cannot read IP mode file for STMicroelectronics.X-CUBE-TOF1.3.3.0
2024-06-20 08:52:23,809 [WARN] PackLoader:240 - Cannot read IP mode file for STMicroelectronics.FP-ATR-ASTRA1.1.1.1
2024-06-20 08:52:23,837 [WARN] PackLoader:240 - Cannot read IP mode file for Infineon.AIROC-Wi-Fi-Bluetooth-STM32.1.5.1
2024-06-20 08:52:23,857 [WARN] PackLoader:240 - Cannot read IP mode file for STMicroelectronics.FP-SNS-MOTENVWB1.1.3.0
2024-06-20 08:52:23,873 [WARN] PackLoader:240 - Cannot read IP mode file for STMicroelectronics.FP-SNS-MOTENVWB1.1.3.1
2024-06-20 08:52:23,903 [WARN] PackLoader:240 - Cannot read IP mode file for STMicroelectronics.X-CUBE-AZRTOS-G4.1.0.0
2024-06-20 08:52:23,944 [WARN] PackLoader:240 - Cannot read IP mode file for STMicroelectronics.X-CUBE-AZRTOS-L4.1.0.0
2024-06-20 08:52:23,965 [WARN] PackLoader:240 - Cannot read IP mode file for STMicroelectronics.X-CUBE-ISPU.2.0.0
2024-06-20 08:52:24,024 [WARN] PackLoader:240 - Cannot read IP mode file for STMicroelectronics.X-CUBE-MEMS1.10.0.0
2024-06-20 08:52:24,229 [WARN] PackLoader:240 - Cannot read IP mode file for STMicroelectronics.X-CUBE-FREERTOS.1.1.0
2024-06-20 08:52:24,266 [WARN] PackLoader:240 - Cannot read IP mode file for STMicroelectronics.X-CUBE-AZRTOS-WL.1.0.0
2024-06-20 08:52:24,289 [WARN] PackLoader:240 - Cannot read IP mode file for portGmbH.I-Cube-SoM-uGOAL.1.1.0
2024-06-20 08:52:24,308 [WARN] PackLoader:240 - Cannot read IP mode file for STMicroelectronics.X-CUBE-ALS.1.0.1
2024-06-20 08:52:24,382 [WARN] PackLoader:240 - Cannot read IP mode file for STMicroelectronics.X-CUBE-AZRTOS-WB.1.1.0
2024-06-20 08:52:24,408 [WARN] PackLoader:240 - Cannot read IP mode file for STMicroelectronics.X-CUBE-EEPRMA1.3.1.1
2024-06-20 08:52:24,428 [WARN] PackLoader:240 - Cannot read IP mode file for STMicroelectronics.FP-ATR-ASTRA1.2.0.0
2024-06-20 08:52:24,457 [WARN] PackLoader:240 - Cannot read IP mode file for STMicroelectronics.X-CUBE-TOF1.3.4.0
2024-06-20 08:52:24,503 [WARN] PackLoader:240 - Cannot read IP mode file for STMicroelectronics.X-CUBE-TOF1.3.4.1
2024-06-20 08:52:24,554 [WARN] PackLoader:240 - Cannot read IP mode file for STMicroelectronics.X-CUBE-AZRTOS-H7.3.2.0
2024-06-20 08:52:24,559 [INFO] ThirdParty:978 - Integrity check success = true
2024-06-20 08:52:24,559 [INFO] IntegrityCheckThread:100 - exiting critical section [integrity check]
2024-06-20 08:52:24,560 [INFO] IntegrityCheckThread:103 - End integrity checks thread
